UI Physical buttons  All off: 

2021-10-19T16:48:52.740213719+00:00 WARN zigbee-tuya-switch  Device does not support cluster 0x0006 not adding configured attribute
2021-10-19T16:48:52.746842032+00:00 WARN zigbee-tuya-switch  Device does not support cluster 0x0006 not adding monitored attribute
2021-10-19T16:48:52.754992772+00:00 TRACE zigbee-tuya-switch  Received event with handler _resync
2021-10-19T16:48:52.760654935+00:00 TRACE zigbee-tuya-switch  Received event with handler environment_info
2021-10-19T16:48:52.802559210+00:00 INFO zigbee-tuya-switch  <<---- Moon ---->> is_one_switch : false
2021-10-19T16:48:52.826953067+00:00 INFO zigbee-tuya-switch  <<---- Moon ---->> is_multi_switch : false
2021-10-19T16:48:52.833346262+00:00 TRACE zigbee-tuya-switch  <ZigbeeDevice: a1fc1da6-8daa-45fa-abae-9866f3f7b34b [0x04BA] (Luce Bagno giorno)> received unhandled lifecycle event: init
2021-10-19T16:48:52.845550361+00:00 DEBUG zigbee-tuya-switch  Luce Bagno giorno device thread event handled
2021-10-19T16:48:52.854293064+00:00 TRACE zigbee-tuya-switch  Received event with handler _resync
2021-10-19T16:48:52.868940050+00:00 TRACE zigbee-tuya-switch  Received event with handler environment_info
2021-10-19T16:48:52.874303731+00:00 DEBUG zigbee-tuya-switch  Z-Wave hub node ID environment changed.
2021-10-19T16:48:52.884620220+00:00 TRACE zigbee-tuya-switch  Received event with handler device_lifecycle
2021-10-19T16:48:52.902273042+00:00 INFO zigbee-tuya-switch  <ZigbeeDevice: a1fc1da6-8daa-45fa-abae-9866f3f7b34b [0x04BA] (Luce Bagno giorno)> received lifecycle event: added
2021-10-19T16:48:52.915945875+00:00 INFO zigbee-tuya-switch  <<---- Moon ---->> is_one_switch : false
2021-10-19T16:48:52.929720425+00:00 INFO zigbee-tuya-switch  <<---- Moon ---->> is_multi_switch : false
2021-10-19T16:48:52.953444615+00:00 TRACE zigbee-tuya-switch  <ZigbeeDevice: a1fc1da6-8daa-45fa-abae-9866f3f7b34b [0x04BA] (Luce Bagno giorno)> received unhandled lifecycle event: added
2021-10-19T16:48:52.959074095+00:00 DEBUG zigbee-tuya-switch  Luce Bagno giorno device thread event handled
2021-10-19T16:48:52.965219833+00:00 TRACE zigbee-tuya-switch  Received event with handler device_lifecycle
2021-10-19T16:48:52.986677556+00:00 INFO zigbee-tuya-switch  <ZigbeeDevice: a1fc1da6-8daa-45fa-abae-9866f3f7b34b [0x04BA] (Luce Bagno giorno)> received lifecycle event: driverSwitched
2021-10-19T16:48:53.009117771+00:00 INFO zigbee-tuya-switch  <<---- Moon ---->> is_one_switch : false
2021-10-19T16:48:53.022049233+00:00 INFO zigbee-tuya-switch  <<---- Moon ---->> is_multi_switch : false
2021-10-19T16:48:53.028166957+00:00 INFO zigbee-tuya-switch  <<---- Moon ---->> is_one_switch : false
2021-10-19T16:48:53.034649864+00:00 INFO zigbee-tuya-switch  <<---- Moon ---->> is_multi_switch : false
2021-10-19T16:48:53.041449929+00:00 TRACE zigbee-tuya-switch  Found DeviceLifecycleDispatcher handler in zigbee-tuya-switch
2021-10-19T16:48:53.047857131+00:00 DEBUG zigbee-tuya-switch  Luce Bagno giorno device thread event handled
2021-10-19T16:48:53.066011537+00:00 DEBUG zigbee-tuya-switch  Luce Bagno giorno device thread event handled
2021-10-19T16:48:53.460057128+00:00 TRACE zigbee-tuya-switch  Received event with handler device_lifecycle
2021-10-19T16:48:53.474622407+00:00 INFO zigbee-tuya-switch  <ZigbeeDevice: a1fc1da6-8daa-45fa-abae-9866f3f7b34b [0x04BA] (Luce Bagno giorno)> received lifecycle event: infoChanged
2021-10-19T16:48:53.483623572+00:00 INFO zigbee-tuya-switch  <<---- Moon ---->> is_one_switch : false
2021-10-19T16:48:53.490138494+00:00 INFO zigbee-tuya-switch  <<---- Moon ---->> is_multi_switch : false
2021-10-19T16:48:53.496023435+00:00 TRACE zigbee-tuya-switch  <ZigbeeDevice: a1fc1da6-8daa-45fa-abae-9866f3f7b34b [0x04BA] (Luce Bagno giorno)> received unhandled lifecycle event: infoChanged
2021-10-19T16:48:53.501603224+00:00 DEBUG zigbee-tuya-switch  Luce Bagno giorno device thread event handled  Key 1 pressed (ON):
2021-10-19T16:50:52.728258600+00:00 TRACE zigbee-tuya-switch  Received event with handler zigbee health poll
2021-10-19T16:50:56.503325265+00:00 TRACE zigbee-tuya-switch  Received event with handler zigbee
2021-10-19T16:50:56.668591265+00:00 INFO zigbee-tuya-switch  <ZigbeeDevice: a1fc1da6-8daa-45fa-abae-9866f3f7b34b [0x04BA] (Luce Bagno giorno)> received Zigbee message: < ZigbeeMessageRx || type: 0x00, < AddressHeader || src_addr: 0x04BA, src_endpoint: 0x0B, dest_addr: 0x0000, dest_endpoint: 0x01, profile: 0x0104, cluster: OnOff >, lqi: 0xA0, rssi: -60, body_length: 0x0007, < ZCLMessageBody || < ZCLHeader || frame_ctrl: 0x08, seqno: 0x8B, ZCLCommandId: 0x0A >, < ReportAttribute || < AttributeRecord || AttributeId: 0x0000, DataType: Boolean, OnOff: true > > > >
2021-10-19T16:50:56.697233932+00:00 INFO zigbee-tuya-switch  <<---- Moon ---->> is_one_switch : false
2021-10-19T16:50:56.703589932+00:00 INFO zigbee-tuya-switch  <<---- Moon ---->> is_multi_switch : false
2021-10-19T16:50:56.722657265+00:00 INFO zigbee-tuya-switch  <<---- Moon ---->> is_one_switch : false
2021-10-19T16:50:56.736230265+00:00 INFO zigbee-tuya-switch  <<---- Moon ---->> is_multi_switch : false
2021-10-19T16:50:56.745273599+00:00 TRACE zigbee-tuya-switch  Found ZigbeeMessageDispatcher handler in zigbee-tuya-switch
2021-10-19T16:50:56.761676599+00:00 INFO zigbee-tuya-switch  Executing ZclClusterAttributeValueHandler: cluster: OnOff, attribute: OnOff
2021-10-19T16:50:56.769215265+00:00 INFO zigbee-tuya-switch  <ZigbeeDevice: a1fc1da6-8daa-45fa-abae-9866f3f7b34b [0x04BA] (Luce Bagno giorno)> emitting event: {"capability_id":"switch","state":{"value":"on"},"attribute_id":"switch","component_id":"main"}
2021-10-19T16:50:56.862677599+00:00 DEBUG zigbee-tuya-switch  Luce Bagno giorno device thread event handled
2021-10-19T16:50:57.360336265+00:00 TRACE zigbee-tuya-switch  Received event with handler zigbee
2021-10-19T16:50:57.385373265+00:00 INFO zigbee-tuya-switch  <ZigbeeDevice: a1fc1da6-8daa-45fa-abae-9866f3f7b34b [0x04BA] (Luce Bagno giorno)> received Zigbee message: < ZigbeeMessageRx || type: 0x00, < AddressHeader || src_addr: 0x04BA, src_endpoint: 0x0B, dest_addr: 0x0000, dest_endpoint: 0x01, profile: 0x0104, cluster: OnOff >, lqi: 0x94, rssi: -63, body_length: 0x0007, < ZCLMessageBody || < ZCLHeader || frame_ctrl: 0x08, seqno: 0x8C, ZCLCommandId: 0x0A >, < ReportAttribute || < AttributeRecord || AttributeId: 0x0000, DataType: Boolean, OnOff: true > > > >
2021-10-19T16:50:57.413001932+00:00 INFO zigbee-tuya-switch  <<---- Moon ---->> is_one_switch : false
2021-10-19T16:50:57.419111265+00:00 INFO zigbee-tuya-switch  <<---- Moon ---->> is_multi_switch : false
2021-10-19T16:50:57.436240265+00:00 INFO zigbee-tuya-switch  <<---- Moon ---->> is_one_switch : false
2021-10-19T16:50:57.447171598+00:00 INFO zigbee-tuya-switch  <<---- Moon ---->> is_multi_switch : false
2021-10-19T16:50:57.453749932+00:00 TRACE zigbee-tuya-switch  Found ZigbeeMessageDispatcher handler in zigbee-tuya-switch
2021-10-19T16:50:57.459538598+00:00 INFO zigbee-tuya-switch  Executing ZclClusterAttributeValueHandler: cluster: OnOff, attribute: OnOff
2021-10-19T16:50:57.474377598+00:00 INFO zigbee-tuya-switch  <ZigbeeDevice: a1fc1da6-8daa-45fa-abae-9866f3f7b34b [0x04BA] (Luce Bagno giorno)> emitting event: {"capability_id":"switch","state":{"value":"on"},"attribute_id":"switch","component_id":"main"}
2021-10-19T16:50:57.501413598+00:00 DEBUG zigbee-tuya-switch  Luce Bagno giorno device thread event handledlistening for logs...   Button 1 pressed (OFF):
2021-10-19T16:50:57.360336265+00:00 TRACE zigbee-tuya-switch  Received event with handler zigbee
2021-10-19T16:50:57.385373265+00:00 INFO zigbee-tuya-switch  <ZigbeeDevice: a1fc1da6-8daa-45fa-abae-9866f3f7b34b [0x04BA] (Luce Bagno giorno)> received Zigbee message: < ZigbeeMessageRx || type: 0x00, < AddressHeader || src_addr: 0x04BA, src_endpoint: 0x0B, dest_addr: 0x0000, dest_endpoint: 0x01, profile: 0x0104, cluster: OnOff >, lqi: 0x94, rssi: -63, body_length: 0x0007, < ZCLMessageBody || < ZCLHeader || frame_ctrl: 0x08, seqno: 0x8C, ZCLCommandId: 0x0A >, < ReportAttribute || < AttributeRecord || AttributeId: 0x0000, DataType: Boolean, OnOff: true > > > >
2021-10-19T16:50:57.413001932+00:00 INFO zigbee-tuya-switch  <<---- Moon ---->> is_one_switch : false
2021-10-19T16:50:57.419111265+00:00 INFO zigbee-tuya-switch  <<---- Moon ---->> is_multi_switch : false
2021-10-19T16:50:57.436240265+00:00 INFO zigbee-tuya-switch  <<---- Moon ---->> is_one_switch : false
2021-10-19T16:50:57.447171598+00:00 INFO zigbee-tuya-switch  <<---- Moon ---->> is_multi_switch : false
2021-10-19T16:50:57.453749932+00:00 TRACE zigbee-tuya-switch  Found ZigbeeMessageDispatcher handler in zigbee-tuya-switch
2021-10-19T16:50:57.459538598+00:00 INFO zigbee-tuya-switch  Executing ZclClusterAttributeValueHandler: cluster: OnOff, attribute: OnOff
2021-10-19T16:50:57.474377598+00:00 INFO zigbee-tuya-switch  <ZigbeeDevice: a1fc1da6-8daa-45fa-abae-9866f3f7b34b [0x04BA] (Luce Bagno giorno)> emitting event: {"capability_id":"switch","state":{"value":"on"},"attribute_id":"switch","component_id":"main"}
2021-10-19T16:50:57.501413598+00:00 DEBUG zigbee-tuya-switch  Luce Bagno giorno device thread event handled
2021-10-19T16:51:22.759544926+00:00 TRACE zigbee-tuya-switch  Received event with handler zigbee health poll
2021-10-19T16:51:52.759775585+00:00 TRACE zigbee-tuya-switch  Received event with handler zigbee health poll
2021-10-19T16:52:22.783719245+00:00 TRACE zigbee-tuya-switch  Received event with handler zigbee health poll
2021-10-19T16:52:52.782586111+00:00 TRACE zigbee-tuya-switch  Received event with handler zigbee
2021-10-19T16:52:52.797426528+00:00 INFO zigbee-tuya-switch  <ZigbeeDevice: a1fc1da6-8daa-45fa-abae-9866f3f7b34b [0x04BA] (Luce Bagno giorno)> received Zigbee message: < ZigbeeMessageRx || type: 0x00, < AddressHeader || src_addr: 0x04BA, src_endpoint: 0x0B, dest_addr: 0x0000, dest_endpoint: 0x01, profile: 0x0104, cluster: OnOff >, lqi: 0x90, rssi: -64, body_length: 0x0007, < ZCLMessageBody || < ZCLHeader || frame_ctrl: 0x08, seqno: 0x03, ZCLCommandId: 0x0A >, < ReportAttribute || < AttributeRecord || AttributeId: 0x0000, DataType: Boolean, OnOff: false > > > >
2021-10-19T16:52:52.811692657+00:00 INFO zigbee-tuya-switch  <<---- Moon ---->> is_one_switch : false
2021-10-19T16:52:52.817612616+00:00 INFO zigbee-tuya-switch  <<---- Moon ---->> is_multi_switch : false
2021-10-19T16:52:52.824042829+00:00 INFO zigbee-tuya-switch  <<---- Moon ---->> is_one_switch : false
2021-10-19T16:52:52.830721167+00:00 INFO zigbee-tuya-switch  <<---- Moon ---->> is_multi_switch : false
2021-10-19T16:52:52.837115029+00:00 TRACE zigbee-tuya-switch  Found ZigbeeMessageDispatcher handler in zigbee-tuya-switch
2021-10-19T16:52:52.843361817+00:00 INFO zigbee-tuya-switch  Executing ZclClusterAttributeValueHandler: cluster: OnOff, attribute: OnOff
2021-10-19T16:52:52.851096683+00:00 INFO zigbee-tuya-switch  <ZigbeeDevice: a1fc1da6-8daa-45fa-abae-9866f3f7b34b [0x04BA] (Luce Bagno giorno)> emitting event: {"capability_id":"switch","state":{"value":"off"},"attribute_id":"switch","component_id":"main"}
2021-10-19T16:52:52.901651281+00:00 DEBUG zigbee-tuya-switch  Luce Bagno giorno device thread event handled
2021-10-19T16:52:52.919352794+00:00 TRACE zigbee-tuya-switch  Received event with handler zigbee health poll
2021-10-19T16:52:53.233273676+00:00 TRACE zigbee-tuya-switch  Received event with handler zigbee
2021-10-19T16:52:53.248055063+00:00 INFO zigbee-tuya-switch  <ZigbeeDevice: a1fc1da6-8daa-45fa-abae-9866f3f7b34b [0x04BA] (Luce Bagno giorno)> received Zigbee message: < ZigbeeMessageRx || type: 0x00, < AddressHeader || src_addr: 0x04BA, src_endpoint: 0x0B, dest_addr: 0x0000, dest_endpoint: 0x01, profile: 0x0104, cluster: OnOff >, lqi: 0x70, rssi: -72, body_length: 0x0007, < ZCLMessageBody || < ZCLHeader || frame_ctrl: 0x08, seqno: 0x04, ZCLCommandId: 0x0A >, < ReportAttribute || < AttributeRecord || AttributeId: 0x0000, DataType: Boolean, OnOff: false > > > >
2021-10-19T16:52:53.262408903+00:00 INFO zigbee-tuya-switch  <<---- Moon ---->> is_one_switch : false
2021-10-19T16:52:53.270010035+00:00 INFO zigbee-tuya-switch  <<---- Moon ---->> is_multi_switch : false
2021-10-19T16:52:53.277292341+00:00 INFO zigbee-tuya-switch  <<---- Moon ---->> is_one_switch : false
2021-10-19T16:52:53.284148767+00:00 INFO zigbee-tuya-switch  <<---- Moon ---->> is_multi_switch : false
2021-10-19T16:52:53.291140595+00:00 TRACE zigbee-tuya-switch  Found ZigbeeMessageDispatcher handler in zigbee-tuya-switch
2021-10-19T16:52:53.296574310+00:00 INFO zigbee-tuya-switch  Executing ZclClusterAttributeValueHandler: cluster: OnOff, attribute: OnOff
2021-10-19T16:52:53.303775576+00:00 INFO zigbee-tuya-switch  <ZigbeeDevice: a1fc1da6-8daa-45fa-abae-9866f3f7b34b [0x04BA] (Luce Bagno giorno)> emitting event: {"capability_id":"switch","state":{"value":"off"},"attribute_id":"switch","component_id":"main"}
2021-10-19T16:52:53.319450076+00:00 DEBUG zigbee-tuya-switch  Luce Bagno giorno device thread event handled
2021-10-19T16:53:22.794156592+00:00 TRACE zigbee-tuya-switch  Received event with handler zigbee health polllistening for logs... /  Key 2 pressed (ON):
2021-10-19T16:54:37.139104935+00:00 TRACE zigbee-tuya-switch  Received event with handler zigbee
2021-10-19T16:54:37.166533268+00:00 INFO zigbee-tuya-switch  <ZigbeeDevice: a1fc1da6-8daa-45fa-abae-9866f3f7b34b [0x04BA] (Luce Bagno giorno)> received Zigbee message: < ZigbeeMessageRx || type: 0x00, < AddressHeader || src_addr: 0x04BA, src_endpoint: 0x0C, dest_addr: 0x0000, dest_endpoint: 0x01, profile: 0x0104, cluster: OnOff >, lqi: 0x94, rssi: -63, body_length: 0x0007, < ZCLMessageBody || < ZCLHeader || frame_ctrl: 0x08, seqno: 0x6E, ZCLCommandId: 0x0A >, < ReportAttribute || < AttributeRecord || AttributeId: 0x0000, DataType: Boolean, OnOff: true > > > >
2021-10-19T16:54:37.202270935+00:00 INFO zigbee-tuya-switch  <<---- Moon ---->> is_one_switch : false
2021-10-19T16:54:37.218011601+00:00 INFO zigbee-tuya-switch  <<---- Moon ---->> is_multi_switch : false
2021-10-19T16:54:37.224393935+00:00 INFO zigbee-tuya-switch  <<---- Moon ---->> is_one_switch : false
2021-10-19T16:54:37.231005268+00:00 INFO zigbee-tuya-switch  <<---- Moon ---->> is_multi_switch : false
2021-10-19T16:54:37.248065601+00:00 TRACE zigbee-tuya-switch  Found ZigbeeMessageDispatcher handler in zigbee-tuya-switch
2021-10-19T16:54:37.267456935+00:00 INFO zigbee-tuya-switch  Executing ZclClusterAttributeValueHandler: cluster: OnOff, attribute: OnOff
2021-10-19T16:54:37.274449601+00:00 INFO zigbee-tuya-switch  <ZigbeeDevice: a1fc1da6-8daa-45fa-abae-9866f3f7b34b [0x04BA] (Luce Bagno giorno)> emitting event: {"capability_id":"switch","state":{"value":"on"},"attribute_id":"switch","component_id":"main"}
2021-10-19T16:54:37.369382268+00:00 DEBUG zigbee-tuya-switch  Luce Bagno giorno device thread event handledlistening for logs... \ Key 2 pressed (OFF):
2021-10-19T16:58:40.563737474+00:00 TRACE zigbee-tuya-switch  Received event with handler zigbee
2021-10-19T16:58:40.574301807+00:00 INFO zigbee-tuya-switch  <ZigbeeDevice: a1fc1da6-8daa-45fa-abae-9866f3f7b34b [0x04BA] (Luce Bagno giorno)> received Zigbee message: < ZigbeeMessageRx || type: 0x00, < AddressHeader || src_addr: 0x04BA, src_endpoint: 0x0C, dest_addr: 0x0000, dest_endpoint: 0x01, profile: 0x0104, cluster: OnOff >, lqi: 0xA0, rssi: -60, body_length: 0x0007, < ZCLMessageBody || < ZCLHeader || frame_ctrl: 0x08, seqno: 0x69, ZCLCommandId: 0x0A >, < ReportAttribute || < AttributeRecord || AttributeId: 0x0000, DataType: Boolean, OnOff: false > > > >
2021-10-19T16:58:40.593496141+00:00 INFO zigbee-tuya-switch  <<---- Moon ---->> is_one_switch : false
2021-10-19T16:58:40.600386474+00:00 INFO zigbee-tuya-switch  <<---- Moon ---->> is_multi_switch : false
2021-10-19T16:58:40.606585474+00:00 INFO zigbee-tuya-switch  <<---- Moon ---->> is_one_switch : false
2021-10-19T16:58:40.613372807+00:00 INFO zigbee-tuya-switch  <<---- Moon ---->> is_multi_switch : false
2021-10-19T16:58:40.619369474+00:00 TRACE zigbee-tuya-switch  Found ZigbeeMessageDispatcher handler in zigbee-tuya-switch
2021-10-19T16:58:40.625124141+00:00 INFO zigbee-tuya-switch  Executing ZclClusterAttributeValueHandler: cluster: OnOff, attribute: OnOff
2021-10-19T16:58:40.631918807+00:00 INFO zigbee-tuya-switch  <ZigbeeDevice: a1fc1da6-8daa-45fa-abae-9866f3f7b34b [0x04BA] (Luce Bagno giorno)> emitting event: {"capability_id":"switch","state":{"value":"off"},"attribute_id":"switch","component_id":"main"}
2021-10-19T16:58:40.650761474+00:00 DEBUG zigbee-tuya-switch  Luce Bagno giorno device thread event handledlistening for logs...

Key Main ON :
2021-10-19T17:10:46.171141604+00:00 TRACE zigbee-tuya-switch  Received event with handler capability
2021-10-19T17:10:46.181858604+00:00 INFO zigbee-tuya-switch  <ZigbeeDevice: a1fc1da6-8daa-45fa-abae-9866f3f7b34b [0x04BA] (Luce Bagno giorno)> received command: {"command":"on","capability":"switch","args":[],"positional_args":[],"component":"main"}
2021-10-19T17:10:46.188772937+00:00 INFO zigbee-tuya-switch  <<---- Moon ---->> is_one_switch : false
2021-10-19T17:10:46.194729271+00:00 INFO zigbee-tuya-switch  <<---- Moon ---->> is_multi_switch : false
2021-10-19T17:10:46.201133937+00:00 INFO zigbee-tuya-switch  <<---- Moon ---->> is_one_switch : false
2021-10-19T17:10:46.207142937+00:00 INFO zigbee-tuya-switch  <<---- Moon ---->> is_multi_switch : false
2021-10-19T17:10:46.213646604+00:00 TRACE zigbee-tuya-switch  Found CapabilityCommandDispatcher handler in zigbee-tuya-switch
2021-10-19T17:10:46.227123937+00:00 DEBUG zigbee-tuya-switch  Luce Bagno giorno device thread event handled
2021-10-19T17:10:46.552619937+00:00 TRACE zigbee-tuya-switch  Received event with handler zigbee
2021-10-19T17:10:46.561297271+00:00 INFO zigbee-tuya-switch  <ZigbeeDevice: a1fc1da6-8daa-45fa-abae-9866f3f7b34b [0x04BA] (Luce Bagno giorno)> received Zigbee message: < ZigbeeMessageRx || type: 0x00, < AddressHeader || src_addr: 0x04BA, src_endpoint: 0x0B, dest_addr: 0x0000, dest_endpoint: 0x01, profile: 0x0104, cluster: OnOff >, lqi: 0x6C, rssi: -73, body_length: 0x0005, < ZCLMessageBody || < ZCLHeader || frame_ctrl: 0x18, seqno: 0x7E, ZCLCommandId: 0x0B >, < DefaultResponse || cmd: 0x01, ZclStatus: SUCCESS > > >
2021-10-19T17:10:46.576121937+00:00 INFO zigbee-tuya-switch  <<---- Moon ---->> is_one_switch : false
2021-10-19T17:10:46.582388604+00:00 INFO zigbee-tuya-switch  <<---- Moon ---->> is_multi_switch : false
2021-10-19T17:10:46.588424604+00:00 INFO zigbee-tuya-switch  <<---- Moon ---->> is_one_switch : false
2021-10-19T17:10:46.594728604+00:00 INFO zigbee-tuya-switch  <<---- Moon ---->> is_multi_switch : false
2021-10-19T17:10:46.601604604+00:00 TRACE zigbee-tuya-switch  Found ZigbeeMessageDispatcher handler in zigbee-tuya-switch
2021-10-19T17:10:46.607353604+00:00 INFO zigbee-tuya-switch  Executing ZclGlobalCommandHandler: cluster: OnOff, command: DefaultResponse
2021-10-19T17:10:46.614586604+00:00 INFO zigbee-tuya-switch  <ZigbeeDevice: a1fc1da6-8daa-45fa-abae-9866f3f7b34b [0x04BA] (Luce Bagno giorno)> emitting event: {"capability_id":"switch","state":{"value":"on"},"attribute_id":"switch","component_id":"main"}
2021-10-19T17:10:46.673633937+00:00 DEBUG zigbee-tuya-switch  Luce Bagno giorno device thread event handled
2021-10-19T17:10:47.343070937+00:00 TRACE zigbee-tuya-switch  Received event with handler zigbee
2021-10-19T17:10:47.354407271+00:00 INFO zigbee-tuya-switch  <ZigbeeDevice: a1fc1da6-8daa-45fa-abae-9866f3f7b34b [0x04BA] (Luce Bagno giorno)> received Zigbee message: < ZigbeeMessageRx || type: 0x00, < AddressHeader || src_addr: 0x04BA, src_endpoint: 0x0B, dest_addr: 0x0000, dest_endpoint: 0x01, profile: 0x0104, cluster: OnOff >, lqi: 0x78, rssi: -70, body_length: 0x0007, < ZCLMessageBody || < ZCLHeader || frame_ctrl: 0x08, seqno: 0x4B, ZCLCommandId: 0x0A >, < ReportAttribute || < AttributeRecord || AttributeId: 0x0000, DataType: Boolean, OnOff: true > > > >
2021-10-19T17:10:47.371589604+00:00 INFO zigbee-tuya-switch  <<---- Moon ---->> is_one_switch : false
2021-10-19T17:10:47.380593271+00:00 INFO zigbee-tuya-switch  <<---- Moon ---->> is_multi_switch : false
2021-10-19T17:10:47.386847937+00:00 INFO zigbee-tuya-switch  <<---- Moon ---->> is_one_switch : false
2021-10-19T17:10:47.393304604+00:00 INFO zigbee-tuya-switch  <<---- Moon ---->> is_multi_switch : false
2021-10-19T17:10:47.399722604+00:00 TRACE zigbee-tuya-switch  Found ZigbeeMessageDispatcher handler in zigbee-tuya-switch
2021-10-19T17:10:47.405469937+00:00 INFO zigbee-tuya-switch  Executing ZclClusterAttributeValueHandler: cluster: OnOff, attribute: OnOff
2021-10-19T17:10:47.412407604+00:00 INFO zigbee-tuya-switch  <ZigbeeDevice: a1fc1da6-8daa-45fa-abae-9866f3f7b34b [0x04BA] (Luce Bagno giorno)> emitting event: {"capability_id":"switch","state":{"value":"on"},"attribute_id":"switch","component_id":"main"}
2021-10-19T17:10:47.427973937+00:00 DEBUG zigbee-tuya-switch  Luce Bagno giorno device thread event handledlistening for logs... | Key Main OFF : 
2021-10-19T17:13:23.158298795+00:00 TRACE zigbee-tuya-switch  Received event with handler zigbee health poll
2021-10-19T17:13:27.241170462+00:00 TRACE zigbee-tuya-switch  Received event with handler capability
2021-10-19T17:13:27.285334462+00:00 INFO zigbee-tuya-switch  <ZigbeeDevice: a1fc1da6-8daa-45fa-abae-9866f3f7b34b [0x04BA] (Luce Bagno giorno)> received command: {"command":"off","capability":"switch","args":[],"positional_args":[],"component":"main"}
2021-10-19T17:13:27.300047462+00:00 INFO zigbee-tuya-switch  <<---- Moon ---->> is_one_switch : false
2021-10-19T17:13:27.309789129+00:00 INFO zigbee-tuya-switch  <<---- Moon ---->> is_multi_switch : false
2021-10-19T17:13:27.321679462+00:00 INFO zigbee-tuya-switch  <<---- Moon ---->> is_one_switch : false
2021-10-19T17:13:27.329683129+00:00 INFO zigbee-tuya-switch  <<---- Moon ---->> is_multi_switch : false
2021-10-19T17:13:27.344541795+00:00 TRACE zigbee-tuya-switch  Found CapabilityCommandDispatcher handler in zigbee-tuya-switch
2021-10-19T17:13:27.375192795+00:00 DEBUG zigbee-tuya-switch  Luce Bagno giorno device thread event handled
2021-10-19T17:13:27.453372795+00:00 TRACE zigbee-tuya-switch  Received event with handler zigbee
2021-10-19T17:13:27.478643462+00:00 INFO zigbee-tuya-switch  <ZigbeeDevice: a1fc1da6-8daa-45fa-abae-9866f3f7b34b [0x04BA] (Luce Bagno giorno)> received Zigbee message: < ZigbeeMessageRx || type: 0x00, < AddressHeader || src_addr: 0x04BA, src_endpoint: 0x0B, dest_addr: 0x0000, dest_endpoint: 0x01, profile: 0x0104, cluster: OnOff >, lqi: 0x70, rssi: -72, body_length: 0x0005, < ZCLMessageBody || < ZCLHeader || frame_ctrl: 0x18, seqno: 0x16, ZCLCommandId: 0x0B >, < DefaultResponse || cmd: 0x00, ZclStatus: SUCCESS > > >
2021-10-19T17:13:27.502209462+00:00 INFO zigbee-tuya-switch  <<---- Moon ---->> is_one_switch : false
2021-10-19T17:13:27.512822129+00:00 INFO zigbee-tuya-switch  <<---- Moon ---->> is_multi_switch : false
2021-10-19T17:13:27.535370462+00:00 INFO zigbee-tuya-switch  <<---- Moon ---->> is_one_switch : false
2021-10-19T17:13:27.541889795+00:00 INFO zigbee-tuya-switch  <<---- Moon ---->> is_multi_switch : false
2021-10-19T17:13:27.553521462+00:00 TRACE zigbee-tuya-switch  Found ZigbeeMessageDispatcher handler in zigbee-tuya-switch
2021-10-19T17:13:27.559485795+00:00 INFO zigbee-tuya-switch  Executing ZclGlobalCommandHandler: cluster: OnOff, command: DefaultResponse
2021-10-19T17:13:27.572260795+00:00 INFO zigbee-tuya-switch  <ZigbeeDevice: a1fc1da6-8daa-45fa-abae-9866f3f7b34b [0x04BA] (Luce Bagno giorno)> emitting event: {"capability_id":"switch","state":{"value":"off"},"attribute_id":"switch","component_id":"main"}
2021-10-19T17:13:27.646232795+00:00 DEBUG zigbee-tuya-switch  Luce Bagno giorno device thread event handled
2021-10-19T17:13:28.589797795+00:00 TRACE zigbee-tuya-switch  Received event with handler zigbee
2021-10-19T17:13:28.676181796+00:00 INFO zigbee-tuya-switch  <ZigbeeDevice: a1fc1da6-8daa-45fa-abae-9866f3f7b34b [0x04BA] (Luce Bagno giorno)> received Zigbee message: < ZigbeeMessageRx || type: 0x00, < AddressHeader || src_addr: 0x04BA, src_endpoint: 0x0B, dest_addr: 0x0000, dest_endpoint: 0x01, profile: 0x0104, cluster: OnOff >, lqi: 0x70, rssi: -72, body_length: 0x0007, < ZCLMessageBody || < ZCLHeader || frame_ctrl: 0x08, seqno: 0xEF, ZCLCommandId: 0x0A >, < ReportAttribute || < AttributeRecord || AttributeId: 0x0000, DataType: Boolean, OnOff: false > > > >
2021-10-19T17:13:28.779602462+00:00 INFO zigbee-tuya-switch  <<---- Moon ---->> is_one_switch : false
2021-10-19T17:13:28.796123796+00:00 INFO zigbee-tuya-switch  <<---- Moon ---->> is_multi_switch : false
2021-10-19T17:13:28.865286462+00:00 INFO zigbee-tuya-switch  <<---- Moon ---->> is_one_switch : false
2021-10-19T17:13:28.897106129+00:00 INFO zigbee-tuya-switch  <<---- Moon ---->> is_multi_switch : false
2021-10-19T17:13:28.903481129+00:00 TRACE zigbee-tuya-switch  Found ZigbeeMessageDispatcher handler in zigbee-tuya-switch
2021-10-19T17:13:28.954766462+00:00 INFO zigbee-tuya-switch  Executing ZclClusterAttributeValueHandler: cluster: OnOff, attribute: OnOff
2021-10-19T17:13:28.962214129+00:00 INFO zigbee-tuya-switch  <ZigbeeDevice: a1fc1da6-8daa-45fa-abae-9866f3f7b34b [0x04BA] (Luce Bagno giorno)> emitting event: {"capability_id":"switch","state":{"value":"off"},"attribute_id":"switch","component_id":"main"}
2021-10-19T17:13:29.021459796+00:00 DEBUG zigbee-tuya-switch  Luce Bagno giorno device thread event handledlistening for logs... – Key 1 ON : 
2021-10-19T17:14:50.764749139+00:00 TRACE zigbee-tuya-switch  Received event with handler capability
2021-10-19T17:14:50.775573805+00:00 INFO zigbee-tuya-switch  <ZigbeeDevice: a1fc1da6-8daa-45fa-abae-9866f3f7b34b [0x04BA] (Luce Bagno giorno)> received command: {"command":"on","capability":"switch","args":[],"positional_args":[],"component":"switch1"}
2021-10-19T17:14:50.781990472+00:00 INFO zigbee-tuya-switch  <<---- Moon ---->> is_one_switch : false
2021-10-19T17:14:50.788533805+00:00 INFO zigbee-tuya-switch  <<---- Moon ---->> is_multi_switch : false
2021-10-19T17:14:50.794580139+00:00 INFO zigbee-tuya-switch  <<---- Moon ---->> is_one_switch : false
2021-10-19T17:14:50.801174472+00:00 INFO zigbee-tuya-switch  <<---- Moon ---->> is_multi_switch : false
2021-10-19T17:14:50.808160139+00:00 TRACE zigbee-tuya-switch  Found CapabilityCommandDispatcher handler in zigbee-tuya-switch
2021-10-19T17:14:50.828968472+00:00 DEBUG zigbee-tuya-switch  Luce Bagno giorno device thread event handled
2021-10-19T17:14:50.973077472+00:00 TRACE zigbee-tuya-switch  Received event with handler zigbee
2021-10-19T17:14:50.981812139+00:00 INFO zigbee-tuya-switch  <ZigbeeDevice: a1fc1da6-8daa-45fa-abae-9866f3f7b34b [0x04BA] (Luce Bagno giorno)> received Zigbee message: < ZigbeeMessageRx || type: 0x00, < AddressHeader || src_addr: 0x04BA, src_endpoint: 0x0B, dest_addr: 0x0000, dest_endpoint: 0x01, profile: 0x0104, cluster: OnOff >, lqi: 0x70, rssi: -72, body_length: 0x0005, < ZCLMessageBody || < ZCLHeader || frame_ctrl: 0x18, seqno: 0x26, ZCLCommandId: 0x0B >, < DefaultResponse || cmd: 0x01, ZclStatus: SUCCESS > > >
2021-10-19T17:14:50.996810139+00:00 INFO zigbee-tuya-switch  <<---- Moon ---->> is_one_switch : false
2021-10-19T17:14:51.002779139+00:00 INFO zigbee-tuya-switch  <<---- Moon ---->> is_multi_switch : false
2021-10-19T17:14:51.008962139+00:00 INFO zigbee-tuya-switch  <<---- Moon ---->> is_one_switch : false
2021-10-19T17:14:51.015407805+00:00 INFO zigbee-tuya-switch  <<---- Moon ---->> is_multi_switch : false
2021-10-19T17:14:51.022089805+00:00 TRACE zigbee-tuya-switch  Found ZigbeeMessageDispatcher handler in zigbee-tuya-switch
2021-10-19T17:14:51.027464472+00:00 INFO zigbee-tuya-switch  Executing ZclGlobalCommandHandler: cluster: OnOff, command: DefaultResponse
2021-10-19T17:14:51.034598139+00:00 INFO zigbee-tuya-switch  <ZigbeeDevice: a1fc1da6-8daa-45fa-abae-9866f3f7b34b [0x04BA] (Luce Bagno giorno)> emitting event: {"capability_id":"switch","state":{"value":"on"},"attribute_id":"switch","component_id":"main"}
2021-10-19T17:14:51.096593805+00:00 DEBUG zigbee-tuya-switch  Luce Bagno giorno device thread event handled
2021-10-19T17:14:51.363427139+00:00 TRACE zigbee-tuya-switch  Received event with handler zigbee
2021-10-19T17:14:51.374022472+00:00 INFO zigbee-tuya-switch  <ZigbeeDevice: a1fc1da6-8daa-45fa-abae-9866f3f7b34b [0x04BA] (Luce Bagno giorno)> received Zigbee message: < ZigbeeMessageRx || type: 0x00, < AddressHeader || src_addr: 0x04BA, src_endpoint: 0x0B, dest_addr: 0x0000, dest_endpoint: 0x01, profile: 0x0104, cluster: OnOff >, lqi: 0x70, rssi: -72, body_length: 0x0007, < ZCLMessageBody || < ZCLHeader || frame_ctrl: 0x08, seqno: 0x43, ZCLCommandId: 0x0A >, < ReportAttribute || < AttributeRecord || AttributeId: 0x0000, DataType: Boolean, OnOff: true > > > >
2021-10-19T17:14:51.390083472+00:00 INFO zigbee-tuya-switch  <<---- Moon ---->> is_one_switch : false
2021-10-19T17:14:51.398667805+00:00 INFO zigbee-tuya-switch  <<---- Moon ---->> is_multi_switch : false
2021-10-19T17:14:51.405675472+00:00 INFO zigbee-tuya-switch  <<---- Moon ---->> is_one_switch : false
2021-10-19T17:14:51.413104805+00:00 INFO zigbee-tuya-switch  <<---- Moon ---->> is_multi_switch : false
2021-10-19T17:14:51.419997472+00:00 TRACE zigbee-tuya-switch  Found ZigbeeMessageDispatcher handler in zigbee-tuya-switch
2021-10-19T17:14:51.426090805+00:00 INFO zigbee-tuya-switch  Executing ZclClusterAttributeValueHandler: cluster: OnOff, attribute: OnOff
2021-10-19T17:14:51.432871139+00:00 INFO zigbee-tuya-switch  <ZigbeeDevice: a1fc1da6-8daa-45fa-abae-9866f3f7b34b [0x04BA] (Luce Bagno giorno)> emitting event: {"capability_id":"switch","state":{"value":"on"},"attribute_id":"switch","component_id":"main"}
2021-10-19T17:14:51.448437805+00:00 DEBUG zigbee-tuya-switch  Luce Bagno giorno device thread event handledlistening for logs...

/ the UI key 1 turned off by itself.I tried to turn key 1 (UI) back on and it went into loop then the network error appeared I can't try it because it always goes OFF (the physical key is on)
Key 1 OFF:I can't try it because it always goes OFF (the physical key is on) Loop . Network Error
Key 2 ON :

2021-10-19T17:22:49.347403312+00:00 TRACE zigbee-tuya-switch  Received event with handler capability
2021-10-19T17:22:49.379881646+00:00 INFO zigbee-tuya-switch  <ZigbeeDevice: a1fc1da6-8daa-45fa-abae-9866f3f7b34b [0x04BA] (Luce Bagno giorno)> received command: {"command":"on","capability":"switch","args":[],"positional_args":[],"component":"switch2"}
2021-10-19T17:22:49.405917312+00:00 INFO zigbee-tuya-switch  <<---- Moon ---->> is_one_switch : false
2021-10-19T17:22:49.434291312+00:00 INFO zigbee-tuya-switch  <<---- Moon ---->> is_multi_switch : false
2021-10-19T17:22:49.479474646+00:00 INFO zigbee-tuya-switch  <<---- Moon ---->> is_one_switch : false
2021-10-19T17:22:49.539737979+00:00 INFO zigbee-tuya-switch  <<---- Moon ---->> is_multi_switch : false
2021-10-19T17:22:49.570286312+00:00 TRACE zigbee-tuya-switch  Found CapabilityCommandDispatcher handler in zigbee-tuya-switch
2021-10-19T17:22:49.663414979+00:00 DEBUG zigbee-tuya-switch  Luce Bagno giorno device thread event handled
2021-10-19T17:22:49.839560646+00:00 TRACE zigbee-tuya-switch  Received event with handler zigbee
2021-10-19T17:22:49.853265646+00:00 INFO zigbee-tuya-switch  <ZigbeeDevice: a1fc1da6-8daa-45fa-abae-9866f3f7b34b [0x04BA] (Luce Bagno giorno)> received Zigbee message: < ZigbeeMessageRx || type: 0x00, < AddressHeader || src_addr: 0x04BA, src_endpoint: 0x0B, dest_addr: 0x0000, dest_endpoint: 0x01, profile: 0x0104, cluster: OnOff >, lqi: 0x7C, rssi: -69, body_length: 0x0005, < ZCLMessageBody || < ZCLHeader || frame_ctrl: 0x18, seqno: 0x64, ZCLCommandId: 0x0B >, < DefaultResponse || cmd: 0x01, ZclStatus: SUCCESS > > >
2021-10-19T17:22:49.901935646+00:00 INFO zigbee-tuya-switch  <<---- Moon ---->> is_one_switch : false
2021-10-19T17:22:49.920875312+00:00 INFO zigbee-tuya-switch  <<---- Moon ---->> is_multi_switch : false
2021-10-19T17:22:49.941315312+00:00 INFO zigbee-tuya-switch  <<---- Moon ---->> is_one_switch : false
2021-10-19T17:22:49.949701312+00:00 INFO zigbee-tuya-switch  <<---- Moon ---->> is_multi_switch : false
2021-10-19T17:22:49.967079646+00:00 TRACE zigbee-tuya-switch  Found ZigbeeMessageDispatcher handler in zigbee-tuya-switch
2021-10-19T17:22:49.972463312+00:00 INFO zigbee-tuya-switch  Executing ZclGlobalCommandHandler: cluster: OnOff, command: DefaultResponse
2021-10-19T17:22:49.981510312+00:00 INFO zigbee-tuya-switch  <ZigbeeDevice: a1fc1da6-8daa-45fa-abae-9866f3f7b34b [0x04BA] (Luce Bagno giorno)> emitting event: {"capability_id":"switch","state":{"value":"on"},"attribute_id":"switch","component_id":"main"}
2021-10-19T17:22:50.010805312+00:00 DEBUG zigbee-tuya-switch  Luce Bagno giorno device thread event handled
2021-10-19T17:22:53.214092978+00:00 TRACE zigbee-tuya-switch  Received event with handler zigbee health polllistening for logs... | Network failure
Key 2 OFF : I can't try it because it always goes OFF (the physical key is on). Loop . Network Error    I



