This is the log when pressing key 1 (on):
2021-10-18T10:48:58.959062730+00:00 TRACE zigbee-tuya-switch  Received event with handler zigbee health poll
2021-10-18T10:49:07.931244917+00:00 TRACE zigbee-tuya-switch  Received event with handler zigbee
2021-10-18T10:49:08.000098660+00:00 INFO zigbee-tuya-switch  <ZigbeeDevice: 32d11661-d015-46ad-ab2e-a9a50b30e239 [0x9BF5] (Luce Anti Bagno giorno)> received Zigbee message: < ZigbeeMessageRx || type: 0x00, < AddressHeader || src_addr: 0x9BF5, src_endpoint: 0x0B, dest_addr: 0x0000, dest_endpoint: 0x01, profile: 0x0104, cluster: OnOff >, lqi: 0xB0, rssi: -56, body_length: 0x0007, < ZCLMessageBody || < ZCLHeader || frame_ctrl: 0x08, seqno: 0x4D, ZCLCommandId: 0x0A >, < ReportAttribute || < AttributeRecord || AttributeId: 0x0000, DataType: Boolean, OnOff: true > > > >
2021-10-18T10:49:08.099824164+00:00 INFO zigbee-tuya-switch  <<---- Moon ---->> is_one_switch : false
2021-10-18T10:49:08.122606883+00:00 INFO zigbee-tuya-switch  <<---- Moon ---->> is_multi_switch : true
2021-10-18T10:49:08.131162492+00:00 INFO zigbee-tuya-switch  <<---- Moon ---->> is_one_switch : false
2021-10-18T10:49:08.170631884+00:00 INFO zigbee-tuya-switch  <<---- Moon ---->> is_multi_switch : true
2021-10-18T10:49:08.201414934+00:00 INFO zigbee-tuya-switch  <<---- Moon ---->> is_multi_switch : true
2021-10-18T10:49:08.213635041+00:00 TRACE zigbee-tuya-switch  Found ZigbeeMessageDispatcher handler in zigbee-tuya-switch -> mutil switch
2021-10-18T10:49:08.222020565+00:00 INFO zigbee-tuya-switch  Executing ZclClusterAttributeValueHandler: cluster: OnOff, attribute: OnOff
2021-10-18T10:49:08.267773430+00:00 INFO zigbee-tuya-switch  <<---- Moon ---->> received_handler :      switch11
2021-10-18T10:49:08.276599508+00:00 INFO zigbee-tuya-switch  <<---- Moon ---->> remapSwitch
2021-10-18T10:49:08.325780753+00:00 ERROR zigbee-tuya-switch  Luce Anti Bagno giorno thread encountered error: [string "st.dispatcher"]:229: Error encountered while processing event for <ZigbeeDevice: 32d11661-d015-46ad-ab2e-a9a50b30e239 [0x9BF5] (Luce Anti Bagno giorno)>:    arg1: < ZigbeeMessageRx || type: 0x00, < AddressHeader || src_addr: 0x9BF5, src_endpoint: 0x0B, dest_addr: 0x0000, dest_endpoint: 0x01, profile: 0x0104, cluster: OnOff >, lqi: 0xB0, rssi: -56, body_length: 0x0007, < ZCLMessageBody || < ZCLHeader || frame_ctrl: 0x08, seqno: 0x4D, ZCLCommandId: 0x0A >, < ReportAttribute || < AttributeRecord || AttributeId: 0x0000, DataType: Boolean, OnOff: true > > > >[string "st.dispatcher"]:229: Error encountered while processing event for <ZigbeeDevice: 32d11661-d015-46ad-ab2e-a9a50b30e239 [0x9BF5] (Luce Anti Bagno giorno)>:    arg1: < ZigbeeMessageRx || type: 0x00, < AddressHeader || src_addr: 0x9BF5, src_endpoint: 0x0B, dest_addr: 0x0000, dest_endpoint: 0x01, profile: 0x0104, cluster: OnOff >, lqi: 0xB0, rssi: -56, body_length: 0x0007, < ZCLMessageBody || < ZCLHeader || frame_ctrl: 0x08, seqno: 0x4D, ZCLCommandId: 0x0A >, < ReportAttribute || < AttributeRecord || AttributeId: 0x0000, DataType: Boolean, OnOff: true > > > >[string "multi-switch"]:82: attempt to index a nil value (field '?')
2021-10-18T10:49:08.755184014+00:00 TRACE zigbee-tuya-switch  Received event with handler zigbee
2021-10-18T10:49:08.764785479+00:00 INFO zigbee-tuya-switch  <ZigbeeDevice: 32d11661-d015-46ad-ab2e-a9a50b30e239 [0x9BF5] (Luce Anti Bagno giorno)> received Zigbee message: < ZigbeeMessageRx || type: 0x00, < AddressHeader || src_addr: 0x9BF5, src_endpoint: 0x0B, dest_addr: 0x0000, dest_endpoint: 0x01, profile: 0x0104, cluster: OnOff >, lqi: 0x90, rssi: -64, body_length: 0x0007, < ZCLMessageBody || < ZCLHeader || frame_ctrl: 0x08, seqno: 0x4E, ZCLCommandId: 0x0A >, < ReportAttribute || < AttributeRecord || AttributeId: 0x0000, DataType: Boolean, OnOff: true > > > >
2021-10-18T10:49:08.785108969+00:00 INFO zigbee-tuya-switch  <<---- Moon ---->> is_one_switch : false
2021-10-18T10:49:08.792010418+00:00 INFO zigbee-tuya-switch  <<---- Moon ---->> is_multi_switch : true
2021-10-18T10:49:08.798263877+00:00 INFO zigbee-tuya-switch  <<---- Moon ---->> is_one_switch : false
2021-10-18T10:49:08.805291389+00:00 INFO zigbee-tuya-switch  <<---- Moon ---->> is_multi_switch : true
2021-10-18T10:49:08.811857670+00:00 INFO zigbee-tuya-switch  <<---- Moon ---->> is_multi_switch : true
2021-10-18T10:49:08.818052099+00:00 TRACE zigbee-tuya-switch  Found ZigbeeMessageDispatcher handler in zigbee-tuya-switch -> mutil switch
2021-10-18T10:49:08.823772625+00:00 INFO zigbee-tuya-switch  Executing ZclClusterAttributeValueHandler: cluster: OnOff, attribute: OnOff
2021-10-18T10:49:08.829836322+00:00 INFO zigbee-tuya-switch  <<---- Moon ---->> received_handler :      switch11
2021-10-18T10:49:08.836497651+00:00 INFO zigbee-tuya-switch  <<---- Moon ---->> remapSwitch
2021-10-18T10:49:08.847721260+00:00 ERROR zigbee-tuya-switch  Luce Anti Bagno giorno thread encountered error: [string "st.dispatcher"]:229: Error encountered while processing event for <ZigbeeDevice: 32d11661-d015-46ad-ab2e-a9a50b30e239 [0x9BF5] (Luce Anti Bagno giorno)>:    arg1: < ZigbeeMessageRx || type: 0x00, < AddressHeader || src_addr: 0x9BF5, src_endpoint: 0x0B, dest_addr: 0x0000, dest_endpoint: 0x01, profile: 0x0104, cluster: OnOff >, lqi: 0x90, rssi: -64, body_length: 0x0007, < ZCLMessageBody || < ZCLHeader || frame_ctrl: 0x08, seqno: 0x4E, ZCLCommandId: 0x0A >, < ReportAttribute || < AttributeRecord || AttributeId: 0x0000, DataType: Boolean, OnOff: true > > > >[string "st.dispatcher"]:229: Error encountered while processing event for <ZigbeeDevice: 32d11661-d015-46ad-ab2e-a9a50b30e239 [0x9BF5] (Luce Anti Bagno giorno)>:    arg1: < ZigbeeMessageRx || type: 0x00, < AddressHeader || src_addr: 0x9BF5, src_endpoint: 0x0B, dest_addr: 0x0000, dest_endpoint: 0x01, profile: 0x0104, cluster: OnOff >, lqi: 0x90, rssi: -64, body_length: 0x0007, < ZCLMessageBody || < ZCLHeader || frame_ctrl: 0x08, seqno: 0x4E, ZCLCommandId: 0x0A >, < ReportAttribute || < AttributeRecord || AttributeId: 0x0000, DataType: Boolean, OnOff: true > > > >[string "multi-switch"]:82: attempt to index a nil value (field '?')    this when pressing key 1 (off) 
2021-10-18T10:54:01.189543018+00:00 TRACE zigbee-tuya-switch  Received event with handler zigbee
2021-10-18T10:54:01.201095684+00:00 INFO zigbee-tuya-switch  <ZigbeeDevice: 32d11661-d015-46ad-ab2e-a9a50b30e239 [0x9BF5] (Luce Anti Bagno giorno)> received Zigbee message: < ZigbeeMessageRx || type: 0x00, < AddressHeader || src_addr: 0x9BF5, src_endpoint: 0x0B, dest_addr: 0x0000, dest_endpoint: 0x01, profile: 0x0104, cluster: OnOff >, lqi: 0xA0, rssi: -60, body_length: 0x0007, < ZCLMessageBody || < ZCLHeader || frame_ctrl: 0x08, seqno: 0x79, ZCLCommandId: 0x0A >, < ReportAttribute || < AttributeRecord || AttributeId: 0x0000, DataType: Boolean, OnOff: false > > > >
2021-10-18T10:54:01.216779684+00:00 INFO zigbee-tuya-switch  <<---- Moon ---->> is_one_switch : false
2021-10-18T10:54:01.237668351+00:00 INFO zigbee-tuya-switch  <<---- Moon ---->> is_multi_switch : true
2021-10-18T10:54:01.246035684+00:00 INFO zigbee-tuya-switch  <<---- Moon ---->> is_one_switch : false
2021-10-18T10:54:01.252795684+00:00 INFO zigbee-tuya-switch  <<---- Moon ---->> is_multi_switch : true
2021-10-18T10:54:01.259132684+00:00 INFO zigbee-tuya-switch  <<---- Moon ---->> is_multi_switch : true
2021-10-18T10:54:01.265700684+00:00 TRACE zigbee-tuya-switch  Found ZigbeeMessageDispatcher handler in zigbee-tuya-switch -> mutil switch
2021-10-18T10:54:01.271428351+00:00 INFO zigbee-tuya-switch  Executing ZclClusterAttributeValueHandler: cluster: OnOff, attribute: OnOff
2021-10-18T10:54:01.279295351+00:00 INFO zigbee-tuya-switch  <<---- Moon ---->> received_handler :      switch11
2021-10-18T10:54:01.288599018+00:00 INFO zigbee-tuya-switch  <<---- Moon ---->> remapSwitch
2021-10-18T10:54:01.302074018+00:00 ERROR zigbee-tuya-switch  Luce Anti Bagno giorno thread encountered error: [string "st.dispatcher"]:229: Error encountered while processing event for <ZigbeeDevice: 32d11661-d015-46ad-ab2e-a9a50b30e239 [0x9BF5] (Luce Anti Bagno giorno)>:    arg1: < ZigbeeMessageRx || type: 0x00, < AddressHeader || src_addr: 0x9BF5, src_endpoint: 0x0B, dest_addr: 0x0000, dest_endpoint: 0x01, profile: 0x0104, cluster: OnOff >, lqi: 0xA0, rssi: -60, body_length: 0x0007, < ZCLMessageBody || < ZCLHeader || frame_ctrl: 0x08, seqno: 0x79, ZCLCommandId: 0x0A >, < ReportAttribute || < AttributeRecord || AttributeId: 0x0000, DataType: Boolean, OnOff: false > > > >[string "st.dispatcher"]:229: Error encountered while processing event for <ZigbeeDevice: 32d11661-d015-46ad-ab2e-a9a50b30e239 [0x9BF5] (Luce Anti Bagno giorno)>:    arg1: < ZigbeeMessageRx || type: 0x00, < AddressHeader || src_addr: 0x9BF5, src_endpoint: 0x0B, dest_addr: 0x0000, dest_endpoint: 0x01, profile: 0x0104, cluster: OnOff >, lqi: 0xA0, rssi: -60, body_length: 0x0007, < ZCLMessageBody || < ZCLHeader || frame_ctrl: 0x08, seqno: 0x79, ZCLCommandId: 0x0A >, < ReportAttribute || < AttributeRecord || AttributeId: 0x0000, DataType: Boolean, OnOff: false > > > >[string "multi-switch"]:82: attempt to index a nil value (field '?')
2021-10-18T10:54:01.806132018+00:00 TRACE zigbee-tuya-switch  Received event with handler zigbee
2021-10-18T10:54:01.817243018+00:00 INFO zigbee-tuya-switch  <ZigbeeDevice: 32d11661-d015-46ad-ab2e-a9a50b30e239 [0x9BF5] (Luce Anti Bagno giorno)> received Zigbee message: < ZigbeeMessageRx || type: 0x00, < AddressHeader || src_addr: 0x9BF5, src_endpoint: 0x0B, dest_addr: 0x0000, dest_endpoint: 0x01, profile: 0x0104, cluster: OnOff >, lqi: 0xA8, rssi: -58, body_length: 0x0007, < ZCLMessageBody || < ZCLHeader || frame_ctrl: 0x08, seqno: 0x7A, ZCLCommandId: 0x0A >, < ReportAttribute || < AttributeRecord || AttributeId: 0x0000, DataType: Boolean, OnOff: false > > > >
2021-10-18T10:54:01.833795018+00:00 INFO zigbee-tuya-switch  <<---- Moon ---->> is_one_switch : false
2021-10-18T10:54:01.842347685+00:00 INFO zigbee-tuya-switch  <<---- Moon ---->> is_multi_switch : true
2021-10-18T10:54:01.849280351+00:00 INFO zigbee-tuya-switch  <<---- Moon ---->> is_one_switch : false
2021-10-18T10:54:01.856347018+00:00 INFO zigbee-tuya-switch  <<---- Moon ---->> is_multi_switch : true
2021-10-18T10:54:01.862519018+00:00 INFO zigbee-tuya-switch  <<---- Moon ---->> is_multi_switch : true
2021-10-18T10:54:01.869198018+00:00 TRACE zigbee-tuya-switch  Found ZigbeeMessageDispatcher handler in zigbee-tuya-switch -> mutil switch
2021-10-18T10:54:01.874456685+00:00 INFO zigbee-tuya-switch  Executing ZclClusterAttributeValueHandler: cluster: OnOff, attribute: OnOff
2021-10-18T10:54:01.880888018+00:00 INFO zigbee-tuya-switch  <<---- Moon ---->> received_handler :      switch11
2021-10-18T10:54:01.887369351+00:00 INFO zigbee-tuya-switch  <<---- Moon ---->> remapSwitch
2021-10-18T10:54:01.910236351+00:00 ERROR zigbee-tuya-switch  Luce Anti Bagno giorno thread encountered error: [string "st.dispatcher"]:229: Error encountered while processing event for <ZigbeeDevice: 32d11661-d015-46ad-ab2e-a9a50b30e239 [0x9BF5] (Luce Anti Bagno giorno)>:    arg1: < ZigbeeMessageRx || type: 0x00, < AddressHeader || src_addr: 0x9BF5, src_endpoint: 0x0B, dest_addr: 0x0000, dest_endpoint: 0x01, profile: 0x0104, cluster: OnOff >, lqi: 0xA8, rssi: -58, body_length: 0x0007, < ZCLMessageBody || < ZCLHeader || frame_ctrl: 0x08, seqno: 0x7A, ZCLCommandId: 0x0A >, < ReportAttribute || < AttributeRecord || AttributeId: 0x0000, DataType: Boolean, OnOff: false > > > >[string "st.dispatcher"]:229: Error encountered while processing event for <ZigbeeDevice: 32d11661-d015-46ad-ab2e-a9a50b30e239 [0x9BF5] (Luce Anti Bagno giorno)>:    arg1: < ZigbeeMessageRx || type: 0x00, < AddressHeader || src_addr: 0x9BF5, src_endpoint: 0x0B, dest_addr: 0x0000, dest_endpoint: 0x01, profile: 0x0104, cluster: OnOff >, lqi: 0xA8, rssi: -58, body_length: 0x0007, < ZCLMessageBody || < ZCLHeader || frame_ctrl: 0x08, seqno: 0x7A, ZCLCommandId: 0x0A >, < ReportAttribute || < AttributeRecord || AttributeId: 0x0000, DataType: Boolean, OnOff: false > > > >[string "multi-switch"]:82: attempt to index a nil value (field '?')listening for logs.  This is the log when pressing key 2 (on): 
2021-10-18T10:59:32.097126967+00:00 INFO zigbee-tuya-switch  <ZigbeeDevice: 32d11661-d015-46ad-ab2e-a9a50b30e239 [0x9BF5] (Luce Anti Bagno giorno)> received Zigbee message: < ZigbeeMessageRx || type: 0x00, < AddressHeader || src_addr: 0x9BF5, src_endpoint: 0x0C, dest_addr: 0x0000, dest_endpoint: 0x01, profile: 0x0104, cluster: OnOff >, lqi: 0xAC, rssi: -57, body_length: 0x0007, < ZCLMessageBody || < ZCLHeader || frame_ctrl: 0x08, seqno: 0xCD, ZCLCommandId: 0x0A >, < ReportAttribute || < AttributeRecord || AttributeId: 0x0000, DataType: Boolean, OnOff: true > > > >
2021-10-18T10:59:32.117167634+00:00 INFO zigbee-tuya-switch  <<---- Moon ---->> is_one_switch : false
2021-10-18T10:59:32.124339634+00:00 INFO zigbee-tuya-switch  <<---- Moon ---->> is_multi_switch : true
2021-10-18T10:59:32.133056634+00:00 INFO zigbee-tuya-switch  <<---- Moon ---->> is_one_switch : false
2021-10-18T10:59:32.139971634+00:00 INFO zigbee-tuya-switch  <<---- Moon ---->> is_multi_switch : true
2021-10-18T10:59:32.147143967+00:00 INFO zigbee-tuya-switch  <<---- Moon ---->> is_multi_switch : true
2021-10-18T10:59:32.153610967+00:00 TRACE zigbee-tuya-switch  Found ZigbeeMessageDispatcher handler in zigbee-tuya-switch -> mutil switch
2021-10-18T10:59:32.159300634+00:00 INFO zigbee-tuya-switch  Executing ZclClusterAttributeValueHandler: cluster: OnOff, attribute: OnOff
2021-10-18T10:59:32.165583967+00:00 INFO zigbee-tuya-switch  <<---- Moon ---->> received_handler :      switch12
2021-10-18T10:59:32.171622300+00:00 INFO zigbee-tuya-switch  <<---- Moon ---->> remapSwitch
2021-10-18T10:59:32.180375634+00:00 ERROR zigbee-tuya-switch  Luce Anti Bagno giorno thread encountered error: [string "st.dispatcher"]:229: Error encountered while processing event for <ZigbeeDevice: 32d11661-d015-46ad-ab2e-a9a50b30e239 [0x9BF5] (Luce Anti Bagno giorno)>:    arg1: < ZigbeeMessageRx || type: 0x00, < AddressHeader || src_addr: 0x9BF5, src_endpoint: 0x0C, dest_addr: 0x0000, dest_endpoint: 0x01, profile: 0x0104, cluster: OnOff >, lqi: 0xAC, rssi: -57, body_length: 0x0007, < ZCLMessageBody || < ZCLHeader || frame_ctrl: 0x08, seqno: 0xCD, ZCLCommandId: 0x0A >, < ReportAttribute || < AttributeRecord || AttributeId: 0x0000, DataType: Boolean, OnOff: true > > > >[string "st.dispatcher"]:229: Error encountered while processing event for <ZigbeeDevice: 32d11661-d015-46ad-ab2e-a9a50b30e239 [0x9BF5] (Luce Anti Bagno giorno)>:    arg1: < ZigbeeMessageRx || type: 0x00, < AddressHeader || src_addr: 0x9BF5, src_endpoint: 0x0C, dest_addr: 0x0000, dest_endpoint: 0x01, profile: 0x0104, cluster: OnOff >, lqi: 0xAC, rssi: -57, body_length: 0x0007, < ZCLMessageBody || < ZCLHeader || frame_ctrl: 0x08, seqno: 0xCD, ZCLCommandId: 0x0A >, < ReportAttribute || < AttributeRecord || AttributeId: 0x0000, DataType: Boolean, OnOff: true > > > >[string "multi-switch"]:82: attempt to index a nil value (field '?') This is the log when pressing key 2 (off):
2021-10-18T11:04:02.776726959+00:00 INFO zigbee-tuya-switch  <ZigbeeDevice: 32d11661-d015-46ad-ab2e-a9a50b30e239 [0x9BF5] (Luce Anti Bagno giorno)> received Zigbee message: < ZigbeeMessageRx || type: 0x00, < AddressHeader || src_addr: 0x9BF5, src_endpoint: 0x0C, dest_addr: 0x0000, dest_endpoint: 0x01, profile: 0x0104, cluster: OnOff >, lqi: 0xA8, rssi: -58, body_length: 0x0007, < ZCLMessageBody || < ZCLHeader || frame_ctrl: 0x08, seqno: 0xE0, ZCLCommandId: 0x0A >, < ReportAttribute || < AttributeRecord || AttributeId: 0x0000, DataType: Boolean, OnOff: false > > > >
2021-10-18T11:04:02.793883293+00:00 INFO zigbee-tuya-switch  <<---- Moon ---->> is_one_switch : false
2021-10-18T11:04:02.801818959+00:00 INFO zigbee-tuya-switch  <<---- Moon ---->> is_multi_switch : true
2021-10-18T11:04:02.810580626+00:00 INFO zigbee-tuya-switch  <<---- Moon ---->> is_one_switch : false
2021-10-18T11:04:02.817981959+00:00 INFO zigbee-tuya-switch  <<---- Moon ---->> is_multi_switch : true
2021-10-18T11:04:02.824187626+00:00 INFO zigbee-tuya-switch  <<---- Moon ---->> is_multi_switch : true
2021-10-18T11:04:02.830381626+00:00 TRACE zigbee-tuya-switch  Found ZigbeeMessageDispatcher handler in zigbee-tuya-switch -> mutil switch
2021-10-18T11:04:02.836246626+00:00 INFO zigbee-tuya-switch  Executing ZclClusterAttributeValueHandler: cluster: OnOff, attribute: OnOff
2021-10-18T11:04:02.842523626+00:00 INFO zigbee-tuya-switch  <<---- Moon ---->> received_handler :      switch12
2021-10-18T11:04:02.849413959+00:00 INFO zigbee-tuya-switch  <<---- Moon ---->> remapSwitch
2021-10-18T11:04:02.860113626+00:00 ERROR zigbee-tuya-switch  Luce Anti Bagno giorno thread encountered error: [string "st.dispatcher"]:229: Error encountered while processing event for <ZigbeeDevice: 32d11661-d015-46ad-ab2e-a9a50b30e239 [0x9BF5] (Luce Anti Bagno giorno)>:    arg1: < ZigbeeMessageRx || type: 0x00, < AddressHeader || src_addr: 0x9BF5, src_endpoint: 0x0C, dest_addr: 0x0000, dest_endpoint: 0x01, profile: 0x0104, cluster: OnOff >, lqi: 0xA8, rssi: -58, body_length: 0x0007, < ZCLMessageBody || < ZCLHeader || frame_ctrl: 0x08, seqno: 0xE0, ZCLCommandId: 0x0A >, < ReportAttribute || < AttributeRecord || AttributeId: 0x0000, DataType: Boolean, OnOff: false > > > >[string "st.dispatcher"]:229: Error encountered while processing event for <ZigbeeDevice: 32d11661-d015-46ad-ab2e-a9a50b30e239 [0x9BF5] (Luce Anti Bagno giorno)>:    arg1: < ZigbeeMessageRx || type: 0x00, < AddressHeader || src_addr: 0x9BF5, src_endpoint: 0x0C, dest_addr: 0x0000, dest_endpoint: 0x01, profile: 0x0104, cluster: OnOff >, lqi: 0xA8, rssi: -58, body_length: 0x0007, < ZCLMessageBody || < ZCLHeader || frame_ctrl: 0x08, seqno: 0xE0, ZCLCommandId: 0x0A >, < ReportAttribute || < AttributeRecord || AttributeId: 0x0000, DataType: Boolean, OnOff: false > > > >[string "multi-switch"]:82: attempt to index a nil value (field '?')listening for logs... | Inviato da Posta per Windows Da: obmazInviato: venerdì 15 ottobre 2021 09:58A: obmaz/smartthings_edge_driverCc: GiacomoST; AuthorOggetto: Re: [obmaz/smartthings_edge_driver] endpointId: 0B (#1) I added it to fingerprint. but I'm not sure whether it works due to endpointidIf you can use the cli, it would be helpful to give the log (like below) of when you turn on/off the switchs.<ZigbeeDevice: 56491210-e0a9-4aff-827c-2449984e5f81 [0xAB70] (bedroom light)> received Zigbee message: < ZigbeeMessageRx || type: 0x00, < AddressHeader || src_addr: 0xAB70, src_endpoint: 0x01, dest_addr: 0x0000, dest_endpoint: 0x01, profile: 0x0104, cluster: OnOff >, lqi: 0xFF, rssi: -44, body_length: 0x0008, < ZCLMessageBody || < ZCLHeader || frame_ctrl: 0x18, seqno: 0x19, ZCLCommandId: 0x01 >, < ReadAttributeReponse || < AttributeRecord || AttributeId: 0x0000, ZclStatus: SUCCESS, DataType: Boolean, OnOff: false > > > >